<?xml version="1.0" encoding="UTF-8"?>
<testsuite xmlns:xsi="http://www.w3.org/2001/XMLSchema-instance" xsi:noNamespaceSchemaLocation="https://maven.apache.org/surefire/maven-surefire-plugin/xsd/surefire-test-report.xsd" version="3.0.2" name="TestSuite" time="84.59" tests="2" errors="0" skipped="0" failures="0">
  <properties>
    <property name="java.specification.version" value="21"/>
    <property name="sun.jnu.encoding" value="UTF-8"/>
    <property name="sun.awt.enableExtraMouseButtons" value="true"/>
    <property name="java.class.path" value="/Users/admine/Documents/WorkSpace_Selenium/Billrmd1/target/test-classes:/Users/admine/Documents/WorkSpace_Selenium/Billrmd1/target/classes:/Users/admine/.m2/repository/org/seleniumhq/selenium/selenium-java/4.35.0/selenium-java-4.35.0.jar:/Users/admine/.m2/repository/org/seleniumhq/selenium/selenium-api/4.35.0/selenium-api-4.35.0.jar:/Users/admine/.m2/repository/org/jspecify/jspecify/1.0.0/jspecify-1.0.0.jar:/Users/admine/.m2/repository/org/seleniumhq/selenium/selenium-chrome-driver/4.35.0/selenium-chrome-driver-4.35.0.jar:/Users/admine/.m2/repository/com/google/auto/service/auto-service-annotations/1.1.1/auto-service-annotations-1.1.1.jar:/Users/admine/.m2/repository/org/seleniumhq/selenium/selenium-chromium-driver/4.35.0/selenium-chromium-driver-4.35.0.jar:/Users/admine/.m2/repository/org/seleniumhq/selenium/selenium-json/4.35.0/selenium-json-4.35.0.jar:/Users/admine/.m2/repository/org/seleniumhq/selenium/selenium-manager/4.35.0/selenium-manager-4.35.0.jar:/Users/admine/.m2/repository/org/seleniumhq/selenium/selenium-devtools-v137/4.35.0/selenium-devtools-v137-4.35.0.jar:/Users/admine/.m2/repository/org/seleniumhq/selenium/selenium-devtools-v138/4.35.0/selenium-devtools-v138-4.35.0.jar:/Users/admine/.m2/repository/org/seleniumhq/selenium/selenium-devtools-v139/4.35.0/selenium-devtools-v139-4.35.0.jar:/Users/admine/.m2/repository/org/seleniumhq/selenium/selenium-edge-driver/4.35.0/selenium-edge-driver-4.35.0.jar:/Users/admine/.m2/repository/org/seleniumhq/selenium/selenium-firefox-driver/4.35.0/selenium-firefox-driver-4.35.0.jar:/Users/admine/.m2/repository/org/seleniumhq/selenium/selenium-http/4.35.0/selenium-http-4.35.0.jar:/Users/admine/.m2/repository/org/seleniumhq/selenium/selenium-ie-driver/4.35.0/selenium-ie-driver-4.35.0.jar:/Users/admine/.m2/repository/org/seleniumhq/selenium/selenium-remote-driver/4.35.0/selenium-remote-driver-4.35.0.jar:/Users/admine/.m2/repository/com/google/guava/guava/33.4.8-jre/guava-33.4.8-jre.jar:/Users/admine/.m2/repository/com/google/guava/failureaccess/1.0.3/failureaccess-1.0.3.jar:/Users/admine/.m2/repository/com/google/guava/listenablefuture/9999.0-empty-to-avoid-conflict-with-guava/listenablefuture-9999.0-empty-to-avoid-conflict-with-guava.jar:/Users/admine/.m2/repository/com/google/errorprone/error_prone_annotations/2.36.0/error_prone_annotations-2.36.0.jar:/Users/admine/.m2/repository/com/google/j2objc/j2objc-annotations/3.0.0/j2objc-annotations-3.0.0.jar:/Users/admine/.m2/repository/io/opentelemetry/opentelemetry-api/1.53.0/opentelemetry-api-1.53.0.jar:/Users/admine/.m2/repository/io/opentelemetry/opentelemetry-context/1.53.0/opentelemetry-context-1.53.0.jar:/Users/admine/.m2/repository/io/opentelemetry/opentelemetry-common/1.53.0/opentelemetry-common-1.53.0.jar:/Users/admine/.m2/repository/io/opentelemetry/opentelemetry-exporter-logging/1.53.0/opentelemetry-exporter-logging-1.53.0.jar:/Users/admine/.m2/repository/io/opentelemetry/opentelemetry-sdk-common/1.53.0/opentelemetry-sdk-common-1.53.0.jar:/Users/admine/.m2/repository/io/opentelemetry/opentelemetry-sdk-extension-autoconfigure-spi/1.53.0/opentelemetry-sdk-extension-autoconfigure-spi-1.53.0.jar:/Users/admine/.m2/repository/io/opentelemetry/opentelemetry-sdk-extension-autoconfigure/1.53.0/opentelemetry-sdk-extension-autoconfigure-1.53.0.jar:/Users/admine/.m2/repository/io/opentelemetry/opentelemetry-sdk-trace/1.53.0/opentelemetry-sdk-trace-1.53.0.jar:/Users/admine/.m2/repository/io/opentelemetry/opentelemetry-sdk/1.53.0/opentelemetry-sdk-1.53.0.jar:/Users/admine/.m2/repository/io/opentelemetry/opentelemetry-sdk-metrics/1.53.0/opentelemetry-sdk-metrics-1.53.0.jar:/Users/admine/.m2/repository/io/opentelemetry/opentelemetry-sdk-logs/1.53.0/opentelemetry-sdk-logs-1.53.0.jar:/Users/admine/.m2/repository/net/bytebuddy/byte-buddy/1.17.6/byte-buddy-1.17.6.jar:/Users/admine/.m2/repository/org/seleniumhq/selenium/selenium-os/4.35.0/selenium-os-4.35.0.jar:/Users/admine/.m2/repository/org/apache/commons/commons-exec/1.5.0/commons-exec-1.5.0.jar:/Users/admine/.m2/repository/org/seleniumhq/selenium/selenium-safari-driver/4.35.0/selenium-safari-driver-4.35.0.jar:/Users/admine/.m2/repository/org/seleniumhq/selenium/selenium-support/4.35.0/selenium-support-4.35.0.jar:/Users/admine/.m2/repository/commons-io/commons-io/2.20.0/commons-io-2.20.0.jar:/Users/admine/.m2/repository/org/apache/commons/commons-lang3/3.17.0/commons-lang3-3.17.0.jar:/Users/admine/.m2/repository/org/apache/poi/poi/5.4.1/poi-5.4.1.jar:/Users/admine/.m2/repository/commons-codec/commons-codec/1.18.0/commons-codec-1.18.0.jar:/Users/admine/.m2/repository/org/apache/commons/commons-collections4/4.4/commons-collections4-4.4.jar:/Users/admine/.m2/repository/org/apache/commons/commons-math3/3.6.1/commons-math3-3.6.1.jar:/Users/admine/.m2/repository/com/zaxxer/SparseBitSet/1.3/SparseBitSet-1.3.jar:/Users/admine/.m2/repository/org/apache/poi/poi-ooxml/5.4.1/poi-ooxml-5.4.1.jar:/Users/admine/.m2/repository/org/apache/poi/poi-ooxml-lite/5.4.1/poi-ooxml-lite-5.4.1.jar:/Users/admine/.m2/repository/org/apache/xmlbeans/xmlbeans/5.3.0/xmlbeans-5.3.0.jar:/Users/admine/.m2/repository/org/apache/commons/commons-compress/1.27.1/commons-compress-1.27.1.jar:/Users/admine/.m2/repository/com/github/virtuald/curvesapi/1.08/curvesapi-1.08.jar:/Users/admine/.m2/repository/org/apache/logging/log4j/log4j-core/2.25.1/log4j-core-2.25.1.jar:/Users/admine/.m2/repository/org/apache/logging/log4j/log4j-api/2.25.1/log4j-api-2.25.1.jar:/Users/admine/.m2/repository/org/apache/logging/log4j/log4j-slf4j-impl/2.25.1/log4j-slf4j-impl-2.25.1.jar:/Users/admine/.m2/repository/org/slf4j/slf4j-api/1.7.36/slf4j-api-1.7.36.jar:/Users/admine/.m2/repository/org/testng/testng/7.11.0/testng-7.11.0.jar:/Users/admine/.m2/repository/org/jcommander/jcommander/1.83/jcommander-1.83.jar:/Users/admine/.m2/repository/org/webjars/jquery/3.7.1/jquery-3.7.1.jar:/Users/admine/.m2/repository/com/aventstack/extentreports/5.1.2/extentreports-5.1.2.jar:/Users/admine/.m2/repository/io/reactivex/rxjava3/rxjava/3.1.6/rxjava-3.1.6.jar:/Users/admine/.m2/repository/org/reactivestreams/reactive-streams/1.0.4/reactive-streams-1.0.4.jar:/Users/admine/.m2/repository/org/freemarker/freemarker/2.3.32/freemarker-2.3.32.jar:/Users/admine/.m2/repository/org/projectlombok/lombok/1.18.26/lombok-1.18.26.jar:/Users/admine/.m2/repository/com/google/code/gson/gson/2.10.1/gson-2.10.1.jar:/Users/admine/.m2/repository/org/apache/commons/commons-email/1.6.0/commons-email-1.6.0.jar:/Users/admine/.m2/repository/com/sun/mail/jakarta.mail/1.6.7/jakarta.mail-1.6.7.jar:/Users/admine/.m2/repository/com/sun/activation/jakarta.activation/1.2.1/jakarta.activation-1.2.1.jar:/Users/admine/.m2/repository/org/apache/maven/maven-core/4.0.0-rc-4/maven-core-4.0.0-rc-4.jar:/Users/admine/.m2/repository/org/apache/maven/maven-api-annotations/4.0.0-rc-4/maven-api-annotations-4.0.0-rc-4.jar:/Users/admine/.m2/repository/org/apache/maven/maven-api-core/4.0.0-rc-4/maven-api-core-4.0.0-rc-4.jar:/Users/admine/.m2/repository/org/apache/maven/maven-api-di/4.0.0-rc-4/maven-api-di-4.0.0-rc-4.jar:/Users/admine/.m2/repository/org/apache/maven/maven-api-metadata/4.0.0-rc-4/maven-api-metadata-4.0.0-rc-4.jar:/Users/admine/.m2/repository/org/apache/maven/maven-api-model/4.0.0-rc-4/maven-api-model-4.0.0-rc-4.jar:/Users/admine/.m2/repository/org/apache/maven/maven-api-plugin/4.0.0-rc-4/maven-api-plugin-4.0.0-rc-4.jar:/Users/admine/.m2/repository/org/apache/maven/maven-api-settings/4.0.0-rc-4/maven-api-settings-4.0.0-rc-4.jar:/Users/admine/.m2/repository/org/apache/maven/maven-api-spi/4.0.0-rc-4/maven-api-spi-4.0.0-rc-4.jar:/Users/admine/.m2/repository/org/apache/maven/maven-api-toolchain/4.0.0-rc-4/maven-api-toolchain-4.0.0-rc-4.jar:/Users/admine/.m2/repository/org/apache/maven/maven-api-xml/4.0.0-rc-4/maven-api-xml-4.0.0-rc-4.jar:/Users/admine/.m2/repository/org/apache/maven/maven-di/4.0.0-rc-4/maven-di-4.0.0-rc-4.jar:/Users/admine/.m2/repository/org/apache/maven/maven-impl/4.0.0-rc-4/maven-impl-4.0.0-rc-4.jar:/Users/admine/.m2/repository/org/apache/maven/maven-support/4.0.0-rc-4/maven-support-4.0.0-rc-4.jar:/Users/admine/.m2/repository/com/fasterxml/woodstox/woodstox-core/7.1.1/woodstox-core-7.1.1.jar:/Users/admine/.m2/repository/org/codehaus/woodstox/stax2-api/4.2.2/stax2-api-4.2.2.jar:/Users/admine/.m2/repository/org/apache/maven/resolver/maven-resolver-named-locks/2.0.9/maven-resolver-named-locks-2.0.9.jar:/Users/admine/.m2/repository/org/apache/maven/resolver/maven-resolver-connector-basic/2.0.9/maven-resolver-connector-basic-2.0.9.jar:/Users/admine/.m2/repository/org/codehaus/plexus/plexus-sec-dispatcher/4.1.0/plexus-sec-dispatcher-4.1.0.jar:/Users/admine/.m2/repository/org/apache/maven/maven-jline/4.0.0-rc-4/maven-jline-4.0.0-rc-4.jar:/Users/admine/.m2/repository/org/jline/jline-reader/3.30.4/jline-reader-3.30.4.jar:/Users/admine/.m2/repository/org/jline/jline-style/3.30.4/jline-style-3.30.4.jar:/Users/admine/.m2/repository/org/jline/jline-builtins/3.30.4/jline-builtins-3.30.4.jar:/Users/admine/.m2/repository/org/jline/jline-console/3.30.4/jline-console-3.30.4.jar:/Users/admine/.m2/repository/org/jline/jline-console-ui/3.30.4/jline-console-ui-3.30.4.jar:/Users/admine/.m2/repository/org/jline/jline-terminal/3.30.4/jline-terminal-3.30.4.jar:/Users/admine/.m2/repository/org/jline/jline-native/3.30.4/jline-native-3.30.4.jar:/Users/admine/.m2/repository/org/jline/jline-terminal-jni/3.30.4/jline-terminal-jni-3.30.4.jar:/Users/admine/.m2/repository/org/jline/jansi-core/3.30.4/jansi-core-3.30.4.jar:/Users/admine/.m2/repository/org/apache/maven/maven-logging/4.0.0-rc-4/maven-logging-4.0.0-rc-4.jar:/Users/admine/.m2/repository/org/apache/maven/maven-xml/4.0.0-rc-4/maven-xml-4.0.0-rc-4.jar:/Users/admine/.m2/repository/org/apache/maven/maven-artifact/4.0.0-rc-4/maven-artifact-4.0.0-rc-4.jar:/Users/admine/.m2/repository/org/apache/maven/maven-model/4.0.0-rc-4/maven-model-4.0.0-rc-4.jar:/Users/admine/.m2/repository/org/apache/maven/maven-model-builder/4.0.0-rc-4/maven-model-builder-4.0.0-rc-4.jar:/Users/admine/.m2/repository/org/apache/maven/maven-builder-support/4.0.0-rc-4/maven-builder-support-4.0.0-rc-4.jar:/Users/admine/.m2/repository/org/codehaus/plexus/plexus-interpolation/1.28/plexus-interpolation-1.28.jar:/Users/admine/.m2/repository/org/codehaus/plexus/plexus-utils/4.0.2/plexus-utils-4.0.2.jar:/Users/admine/.m2/repository/org/apache/maven/maven-plugin-api/4.0.0-rc-4/maven-plugin-api-4.0.0-rc-4.jar:/Users/admine/.m2/repository/org/eclipse/sisu/org.eclipse.sisu.plexus/0.9.0.M4/org.eclipse.sisu.plexus-0.9.0.M4.jar:/Users/admine/.m2/repository/org/apache/maven/maven-repository-metadata/4.0.0-rc-4/maven-repository-metadata-4.0.0-rc-4.jar:/Users/admine/.m2/repository/org/apache/maven/maven-settings/4.0.0-rc-4/maven-settings-4.0.0-rc-4.jar:/Users/admine/.m2/repository/org/apache/maven/maven-toolchain-model/4.0.0-rc-4/maven-toolchain-model-4.0.0-rc-4.jar:/Users/admine/.m2/repository/org/apache/maven/resolver/maven-resolver-api/2.0.9/maven-resolver-api-2.0.9.jar:/Users/admine/.m2/repository/org/apache/maven/resolver/maven-resolver-spi/2.0.9/maven-resolver-spi-2.0.9.jar:/Users/admine/.m2/repository/org/apache/maven/resolver/maven-resolver-util/2.0.9/maven-resolver-util-2.0.9.jar:/Users/admine/.m2/repository/org/apache/maven/resolver/maven-resolver-impl/2.0.9/maven-resolver-impl-2.0.9.jar:/Users/admine/.m2/repository/org/codehaus/plexus/plexus-classworlds/2.9.0/plexus-classworlds-2.9.0.jar:/Users/admine/.m2/repository/org/codehaus/plexus/plexus-xml/4.1.0/plexus-xml-4.1.0.jar:"/>
    <property name="java.vm.vendor" value="Eclipse Adoptium"/>
    <property name="sun.arch.data.model" value="64"/>
    <property name="java.vendor.url" value="https://adoptium.net/"/>
    <property name="user.timezone" value="Asia/Kolkata"/>
    <property name="os.name" value="Mac OS X"/>
    <property name="java.vm.specification.version" value="21"/>
    <property name="sun.java.launcher" value="SUN_STANDARD"/>
    <property name="user.country" value="GB"/>
    <property name="sun.boot.library.path" value="/Users/admine/.p2/pool/plugins/org.eclipse.justj.openjdk.hotspot.jre.full.macosx.x86_64_21.0.7.v20250502-0916/jre/lib"/>
    <property name="sun.java.command" value="/Users/admine/Documents/WorkSpace_Selenium/Billrmd1/target/surefire/surefirebooter-20250831122120348_3.jar /Users/admine/Documents/WorkSpace_Selenium/Billrmd1/target/surefire 2025-08-31T12-21-19_652-jvmRun1 surefire-20250831122120348_1tmp surefire_0-20250831122120348_2tmp"/>
    <property name="http.nonProxyHosts" value="local|*.local|169.254/16|*.169.254/16"/>
    <property name="jdk.debug" value="release"/>
    <property name="surefire.test.class.path" value="/Users/admine/Documents/WorkSpace_Selenium/Billrmd1/target/test-classes:/Users/admine/Documents/WorkSpace_Selenium/Billrmd1/target/classes:/Users/admine/.m2/repository/org/seleniumhq/selenium/selenium-java/4.35.0/selenium-java-4.35.0.jar:/Users/admine/.m2/repository/org/seleniumhq/selenium/selenium-api/4.35.0/selenium-api-4.35.0.jar:/Users/admine/.m2/repository/org/jspecify/jspecify/1.0.0/jspecify-1.0.0.jar:/Users/admine/.m2/repository/org/seleniumhq/selenium/selenium-chrome-driver/4.35.0/selenium-chrome-driver-4.35.0.jar:/Users/admine/.m2/repository/com/google/auto/service/auto-service-annotations/1.1.1/auto-service-annotations-1.1.1.jar:/Users/admine/.m2/repository/org/seleniumhq/selenium/selenium-chromium-driver/4.35.0/selenium-chromium-driver-4.35.0.jar:/Users/admine/.m2/repository/org/seleniumhq/selenium/selenium-json/4.35.0/selenium-json-4.35.0.jar:/Users/admine/.m2/repository/org/seleniumhq/selenium/selenium-manager/4.35.0/selenium-manager-4.35.0.jar:/Users/admine/.m2/repository/org/seleniumhq/selenium/selenium-devtools-v137/4.35.0/selenium-devtools-v137-4.35.0.jar:/Users/admine/.m2/repository/org/seleniumhq/selenium/selenium-devtools-v138/4.35.0/selenium-devtools-v138-4.35.0.jar:/Users/admine/.m2/repository/org/seleniumhq/selenium/selenium-devtools-v139/4.35.0/selenium-devtools-v139-4.35.0.jar:/Users/admine/.m2/repository/org/seleniumhq/selenium/selenium-edge-driver/4.35.0/selenium-edge-driver-4.35.0.jar:/Users/admine/.m2/repository/org/seleniumhq/selenium/selenium-firefox-driver/4.35.0/selenium-firefox-driver-4.35.0.jar:/Users/admine/.m2/repository/org/seleniumhq/selenium/selenium-http/4.35.0/selenium-http-4.35.0.jar:/Users/admine/.m2/repository/org/seleniumhq/selenium/selenium-ie-driver/4.35.0/selenium-ie-driver-4.35.0.jar:/Users/admine/.m2/repository/org/seleniumhq/selenium/selenium-remote-driver/4.35.0/selenium-remote-driver-4.35.0.jar:/Users/admine/.m2/repository/com/google/guava/guava/33.4.8-jre/guava-33.4.8-jre.jar:/Users/admine/.m2/repository/com/google/guava/failureaccess/1.0.3/failureaccess-1.0.3.jar:/Users/admine/.m2/repository/com/google/guava/listenablefuture/9999.0-empty-to-avoid-conflict-with-guava/listenablefuture-9999.0-empty-to-avoid-conflict-with-guava.jar:/Users/admine/.m2/repository/com/google/errorprone/error_prone_annotations/2.36.0/error_prone_annotations-2.36.0.jar:/Users/admine/.m2/repository/com/google/j2objc/j2objc-annotations/3.0.0/j2objc-annotations-3.0.0.jar:/Users/admine/.m2/repository/io/opentelemetry/opentelemetry-api/1.53.0/opentelemetry-api-1.53.0.jar:/Users/admine/.m2/repository/io/opentelemetry/opentelemetry-context/1.53.0/opentelemetry-context-1.53.0.jar:/Users/admine/.m2/repository/io/opentelemetry/opentelemetry-common/1.53.0/opentelemetry-common-1.53.0.jar:/Users/admine/.m2/repository/io/opentelemetry/opentelemetry-exporter-logging/1.53.0/opentelemetry-exporter-logging-1.53.0.jar:/Users/admine/.m2/repository/io/opentelemetry/opentelemetry-sdk-common/1.53.0/opentelemetry-sdk-common-1.53.0.jar:/Users/admine/.m2/repository/io/opentelemetry/opentelemetry-sdk-extension-autoconfigure-spi/1.53.0/opentelemetry-sdk-extension-autoconfigure-spi-1.53.0.jar:/Users/admine/.m2/repository/io/opentelemetry/opentelemetry-sdk-extension-autoconfigure/1.53.0/opentelemetry-sdk-extension-autoconfigure-1.53.0.jar:/Users/admine/.m2/repository/io/opentelemetry/opentelemetry-sdk-trace/1.53.0/opentelemetry-sdk-trace-1.53.0.jar:/Users/admine/.m2/repository/io/opentelemetry/opentelemetry-sdk/1.53.0/opentelemetry-sdk-1.53.0.jar:/Users/admine/.m2/repository/io/opentelemetry/opentelemetry-sdk-metrics/1.53.0/opentelemetry-sdk-metrics-1.53.0.jar:/Users/admine/.m2/repository/io/opentelemetry/opentelemetry-sdk-logs/1.53.0/opentelemetry-sdk-logs-1.53.0.jar:/Users/admine/.m2/repository/net/bytebuddy/byte-buddy/1.17.6/byte-buddy-1.17.6.jar:/Users/admine/.m2/repository/org/seleniumhq/selenium/selenium-os/4.35.0/selenium-os-4.35.0.jar:/Users/admine/.m2/repository/org/apache/commons/commons-exec/1.5.0/commons-exec-1.5.0.jar:/Users/admine/.m2/repository/org/seleniumhq/selenium/selenium-safari-driver/4.35.0/selenium-safari-driver-4.35.0.jar:/Users/admine/.m2/repository/org/seleniumhq/selenium/selenium-support/4.35.0/selenium-support-4.35.0.jar:/Users/admine/.m2/repository/commons-io/commons-io/2.20.0/commons-io-2.20.0.jar:/Users/admine/.m2/repository/org/apache/commons/commons-lang3/3.17.0/commons-lang3-3.17.0.jar:/Users/admine/.m2/repository/org/apache/poi/poi/5.4.1/poi-5.4.1.jar:/Users/admine/.m2/repository/commons-codec/commons-codec/1.18.0/commons-codec-1.18.0.jar:/Users/admine/.m2/repository/org/apache/commons/commons-collections4/4.4/commons-collections4-4.4.jar:/Users/admine/.m2/repository/org/apache/commons/commons-math3/3.6.1/commons-math3-3.6.1.jar:/Users/admine/.m2/repository/com/zaxxer/SparseBitSet/1.3/SparseBitSet-1.3.jar:/Users/admine/.m2/repository/org/apache/poi/poi-ooxml/5.4.1/poi-ooxml-5.4.1.jar:/Users/admine/.m2/repository/org/apache/poi/poi-ooxml-lite/5.4.1/poi-ooxml-lite-5.4.1.jar:/Users/admine/.m2/repository/org/apache/xmlbeans/xmlbeans/5.3.0/xmlbeans-5.3.0.jar:/Users/admine/.m2/repository/org/apache/commons/commons-compress/1.27.1/commons-compress-1.27.1.jar:/Users/admine/.m2/repository/com/github/virtuald/curvesapi/1.08/curvesapi-1.08.jar:/Users/admine/.m2/repository/org/apache/logging/log4j/log4j-core/2.25.1/log4j-core-2.25.1.jar:/Users/admine/.m2/repository/org/apache/logging/log4j/log4j-api/2.25.1/log4j-api-2.25.1.jar:/Users/admine/.m2/repository/org/apache/logging/log4j/log4j-slf4j-impl/2.25.1/log4j-slf4j-impl-2.25.1.jar:/Users/admine/.m2/repository/org/slf4j/slf4j-api/1.7.36/slf4j-api-1.7.36.jar:/Users/admine/.m2/repository/org/testng/testng/7.11.0/testng-7.11.0.jar:/Users/admine/.m2/repository/org/jcommander/jcommander/1.83/jcommander-1.83.jar:/Users/admine/.m2/repository/org/webjars/jquery/3.7.1/jquery-3.7.1.jar:/Users/admine/.m2/repository/com/aventstack/extentreports/5.1.2/extentreports-5.1.2.jar:/Users/admine/.m2/repository/io/reactivex/rxjava3/rxjava/3.1.6/rxjava-3.1.6.jar:/Users/admine/.m2/repository/org/reactivestreams/reactive-streams/1.0.4/reactive-streams-1.0.4.jar:/Users/admine/.m2/repository/org/freemarker/freemarker/2.3.32/freemarker-2.3.32.jar:/Users/admine/.m2/repository/org/projectlombok/lombok/1.18.26/lombok-1.18.26.jar:/Users/admine/.m2/repository/com/google/code/gson/gson/2.10.1/gson-2.10.1.jar:/Users/admine/.m2/repository/org/apache/commons/commons-email/1.6.0/commons-email-1.6.0.jar:/Users/admine/.m2/repository/com/sun/mail/jakarta.mail/1.6.7/jakarta.mail-1.6.7.jar:/Users/admine/.m2/repository/com/sun/activation/jakarta.activation/1.2.1/jakarta.activation-1.2.1.jar:/Users/admine/.m2/repository/org/apache/maven/maven-core/4.0.0-rc-4/maven-core-4.0.0-rc-4.jar:/Users/admine/.m2/repository/org/apache/maven/maven-api-annotations/4.0.0-rc-4/maven-api-annotations-4.0.0-rc-4.jar:/Users/admine/.m2/repository/org/apache/maven/maven-api-core/4.0.0-rc-4/maven-api-core-4.0.0-rc-4.jar:/Users/admine/.m2/repository/org/apache/maven/maven-api-di/4.0.0-rc-4/maven-api-di-4.0.0-rc-4.jar:/Users/admine/.m2/repository/org/apache/maven/maven-api-metadata/4.0.0-rc-4/maven-api-metadata-4.0.0-rc-4.jar:/Users/admine/.m2/repository/org/apache/maven/maven-api-model/4.0.0-rc-4/maven-api-model-4.0.0-rc-4.jar:/Users/admine/.m2/repository/org/apache/maven/maven-api-plugin/4.0.0-rc-4/maven-api-plugin-4.0.0-rc-4.jar:/Users/admine/.m2/repository/org/apache/maven/maven-api-settings/4.0.0-rc-4/maven-api-settings-4.0.0-rc-4.jar:/Users/admine/.m2/repository/org/apache/maven/maven-api-spi/4.0.0-rc-4/maven-api-spi-4.0.0-rc-4.jar:/Users/admine/.m2/repository/org/apache/maven/maven-api-toolchain/4.0.0-rc-4/maven-api-toolchain-4.0.0-rc-4.jar:/Users/admine/.m2/repository/org/apache/maven/maven-api-xml/4.0.0-rc-4/maven-api-xml-4.0.0-rc-4.jar:/Users/admine/.m2/repository/org/apache/maven/maven-di/4.0.0-rc-4/maven-di-4.0.0-rc-4.jar:/Users/admine/.m2/repository/org/apache/maven/maven-impl/4.0.0-rc-4/maven-impl-4.0.0-rc-4.jar:/Users/admine/.m2/repository/org/apache/maven/maven-support/4.0.0-rc-4/maven-support-4.0.0-rc-4.jar:/Users/admine/.m2/repository/com/fasterxml/woodstox/woodstox-core/7.1.1/woodstox-core-7.1.1.jar:/Users/admine/.m2/repository/org/codehaus/woodstox/stax2-api/4.2.2/stax2-api-4.2.2.jar:/Users/admine/.m2/repository/org/apache/maven/resolver/maven-resolver-named-locks/2.0.9/maven-resolver-named-locks-2.0.9.jar:/Users/admine/.m2/repository/org/apache/maven/resolver/maven-resolver-connector-basic/2.0.9/maven-resolver-connector-basic-2.0.9.jar:/Users/admine/.m2/repository/org/codehaus/plexus/plexus-sec-dispatcher/4.1.0/plexus-sec-dispatcher-4.1.0.jar:/Users/admine/.m2/repository/org/apache/maven/maven-jline/4.0.0-rc-4/maven-jline-4.0.0-rc-4.jar:/Users/admine/.m2/repository/org/jline/jline-reader/3.30.4/jline-reader-3.30.4.jar:/Users/admine/.m2/repository/org/jline/jline-style/3.30.4/jline-style-3.30.4.jar:/Users/admine/.m2/repository/org/jline/jline-builtins/3.30.4/jline-builtins-3.30.4.jar:/Users/admine/.m2/repository/org/jline/jline-console/3.30.4/jline-console-3.30.4.jar:/Users/admine/.m2/repository/org/jline/jline-console-ui/3.30.4/jline-console-ui-3.30.4.jar:/Users/admine/.m2/repository/org/jline/jline-terminal/3.30.4/jline-terminal-3.30.4.jar:/Users/admine/.m2/repository/org/jline/jline-native/3.30.4/jline-native-3.30.4.jar:/Users/admine/.m2/repository/org/jline/jline-terminal-jni/3.30.4/jline-terminal-jni-3.30.4.jar:/Users/admine/.m2/repository/org/jline/jansi-core/3.30.4/jansi-core-3.30.4.jar:/Users/admine/.m2/repository/org/apache/maven/maven-logging/4.0.0-rc-4/maven-logging-4.0.0-rc-4.jar:/Users/admine/.m2/repository/org/apache/maven/maven-xml/4.0.0-rc-4/maven-xml-4.0.0-rc-4.jar:/Users/admine/.m2/repository/org/apache/maven/maven-artifact/4.0.0-rc-4/maven-artifact-4.0.0-rc-4.jar:/Users/admine/.m2/repository/org/apache/maven/maven-model/4.0.0-rc-4/maven-model-4.0.0-rc-4.jar:/Users/admine/.m2/repository/org/apache/maven/maven-model-builder/4.0.0-rc-4/maven-model-builder-4.0.0-rc-4.jar:/Users/admine/.m2/repository/org/apache/maven/maven-builder-support/4.0.0-rc-4/maven-builder-support-4.0.0-rc-4.jar:/Users/admine/.m2/repository/org/codehaus/plexus/plexus-interpolation/1.28/plexus-interpolation-1.28.jar:/Users/admine/.m2/repository/org/codehaus/plexus/plexus-utils/4.0.2/plexus-utils-4.0.2.jar:/Users/admine/.m2/repository/org/apache/maven/maven-plugin-api/4.0.0-rc-4/maven-plugin-api-4.0.0-rc-4.jar:/Users/admine/.m2/repository/org/eclipse/sisu/org.eclipse.sisu.plexus/0.9.0.M4/org.eclipse.sisu.plexus-0.9.0.M4.jar:/Users/admine/.m2/repository/org/apache/maven/maven-repository-metadata/4.0.0-rc-4/maven-repository-metadata-4.0.0-rc-4.jar:/Users/admine/.m2/repository/org/apache/maven/maven-settings/4.0.0-rc-4/maven-settings-4.0.0-rc-4.jar:/Users/admine/.m2/repository/org/apache/maven/maven-toolchain-model/4.0.0-rc-4/maven-toolchain-model-4.0.0-rc-4.jar:/Users/admine/.m2/repository/org/apache/maven/resolver/maven-resolver-api/2.0.9/maven-resolver-api-2.0.9.jar:/Users/admine/.m2/repository/org/apache/maven/resolver/maven-resolver-spi/2.0.9/maven-resolver-spi-2.0.9.jar:/Users/admine/.m2/repository/org/apache/maven/resolver/maven-resolver-util/2.0.9/maven-resolver-util-2.0.9.jar:/Users/admine/.m2/repository/org/apache/maven/resolver/maven-resolver-impl/2.0.9/maven-resolver-impl-2.0.9.jar:/Users/admine/.m2/repository/org/codehaus/plexus/plexus-classworlds/2.9.0/plexus-classworlds-2.9.0.jar:/Users/admine/.m2/repository/org/codehaus/plexus/plexus-xml/4.1.0/plexus-xml-4.1.0.jar:"/>
    <property name="sun.cpu.endian" value="little"/>
    <property name="user.home" value="/Users/admine"/>
    <property name="user.language" value="en"/>
    <property name="java.specification.vendor" value="Oracle Corporation"/>
    <property name="java.version.date" value="2025-04-15"/>
    <property name="java.home" value="/Users/admine/.p2/pool/plugins/org.eclipse.justj.openjdk.hotspot.jre.full.macosx.x86_64_21.0.7.v20250502-0916/jre"/>
    <property name="file.separator" value="/"/>
    <property name="basedir" value="/Users/admine/Documents/WorkSpace_Selenium/Billrmd1"/>
    <property name="style.color" value="always"/>
    <property name="java.vm.compressedOopsMode" value="Zero based"/>
    <property name="line.separator" value="&#10;"/>
    <property name="java.vm.specification.vendor" value="Oracle Corporation"/>
    <property name="java.specification.name" value="Java Platform API Specification"/>
    <property name="apple.awt.application.name" value="ForkedBooter"/>
    <property name="surefire.real.class.path" value="/Users/admine/Documents/WorkSpace_Selenium/Billrmd1/target/surefire/surefirebooter-20250831122120348_3.jar"/>
    <property name="sun.management.compiler" value="HotSpot 64-Bit Tiered Compilers"/>
    <property name="ftp.nonProxyHosts" value="local|*.local|169.254/16|*.169.254/16"/>
    <property name="java.runtime.version" value="21.0.7+6-LTS"/>
    <property name="user.name" value="admine"/>
    <property name="stdout.encoding" value="UTF-8"/>
    <property name="path.separator" value=":"/>
    <property name="otel.metrics.exporter" value="none"/>
    <property name="os.version" value="12.7.6"/>
    <property name="java.runtime.name" value="OpenJDK Runtime Environment"/>
    <property name="otel.traces.exporter" value="none"/>
    <property name="file.encoding" value="UTF-8"/>
    <property name="java.vm.name" value="OpenJDK 64-Bit Server VM"/>
    <property name="java.vendor.version" value="Temurin-21.0.7+6"/>
    <property name="localRepository" value="/Users/admine/.m2/repository"/>
    <property name="java.vendor.url.bug" value="https://github.com/adoptium/adoptium-support/issues"/>
    <property name="otel.logs.exporter" value="none"/>
    <property name="java.io.tmpdir" value="/var/folders/tm/n04439ts2c1gj_0tqdrrz6jr0000gn/T/"/>
    <property name="java.version" value="21.0.7"/>
    <property name="user.dir" value="/Users/admine/Documents/WorkSpace_Selenium/Billrmd1"/>
    <property name="os.arch" value="x86_64"/>
    <property name="java.vm.specification.name" value="Java Virtual Machine Specification"/>
    <property name="native.encoding" value="UTF-8"/>
    <property name="java.library.path" value="/Users/admine/Library/Java/Extensions:/Library/Java/Extensions:/Network/Library/Java/Extensions:/System/Library/Java/Extensions:/usr/lib/java:."/>
    <property name="java.vm.info" value="mixed mode, sharing"/>
    <property name="stderr.encoding" value="UTF-8"/>
    <property name="java.vendor" value="Eclipse Adoptium"/>
    <property name="java.vm.version" value="21.0.7+6-LTS"/>
    <property name="sun.io.unicode.encoding" value="UnicodeBig"/>
    <property name="socksNonProxyHosts" value="local|*.local|169.254/16|*.169.254/16"/>
    <property name="java.class.version" value="65.0"/>
  </properties>
  <testcase name="verify_account_registration" classname="testCases.TC001_AccountRegistrationTest" time="26.311">
    <system-out><![CDATA[12:21:31.381 [main] DEBUG org.testng.TestNG - suiteXmlPath: "/Users/admine/Documents/WorkSpace_Selenium/Billrmd1/grouping.xml"
on start method
Browser launched
12:21:56.904 [main] INFO  testCases.TC001_AccountRegistrationTest - Straring TC001 Registration
12:21:59.960 [main] INFO  testCases.TC001_AccountRegistrationTest - Clicked on my account link
12:22:03.964 [main] INFO  testCases.TC001_AccountRegistrationTest - Clicked on Register link
12:22:04.006 [main] INFO  testCases.TC001_AccountRegistrationTest - Providing Registration details
12:22:21.906 [main] INFO  testCases.TC001_AccountRegistrationTest - validating expected message
12:22:23.147 [main] INFO  testCases.TC001_AccountRegistrationTest - Finished Test case execution
]]></system-out>
    <system-err><![CDATA[2025-08-31T06:51:31.116196Z main INFO Starting configuration XmlConfiguration[location=/Users/admine/Documents/WorkSpace_Selenium/Billrmd1/target/test-classes/log4j2.xml, lastModified=2025-08-31T04:09:36.290Z]...
2025-08-31T06:51:31.124069Z main INFO Configuration XmlConfiguration[location=/Users/admine/Documents/WorkSpace_Selenium/Billrmd1/target/test-classes/log4j2.xml, lastModified=2025-08-31T04:09:36.290Z] started.
2025-08-31T06:51:31.130132Z main INFO Stopping configuration org.apache.logging.log4j.core.config.DefaultConfiguration@4c9f8c13...
2025-08-31T06:51:31.130997Z main INFO Configuration org.apache.logging.log4j.core.config.DefaultConfiguration@4c9f8c13 stopped.
Aug 31, 2025 12:21:36 PM org.openqa.selenium.remote.tracing.opentelemetry.OpenTelemetryTracer createTracer
INFO: Using OpenTelemetry for tracing
]]></system-err>
  </testcase>
  <testcase name="verify_login" classname="testCases.TC002_LoginTest" time="7.461">
    <system-out><![CDATA[Browser launched
12:22:31.853 [main] INFO  testCases.TC002_LoginTest - Starting login test
true
12:22:39.311 [main] INFO  testCases.TC002_LoginTest - Finished tc002 execution
]]></system-out>
  </testcase>
</testsuite>