<?xml version="1.0" encoding="UTF-8"?>
<!-- Generated by org.testng.reporters.JUnitReportReporter -->
<testsuite hostname="MacBook-Air-Admine.local" failures="0" tests="1" name="testCases.TC002_LoginTest" time="2.558" errors="0" timestamp="2025-08-31T09:42:03 IST" skipped="0">
  <testcase classname="testCases.TC002_LoginTest" name="verify_login" time="2.558"/>
</testsuite> <!-- testCases.TC002_LoginTest -->
