<?xml version="1.0" encoding="UTF-8"?>
<!-- Generated by org.testng.reporters.JUnitReportReporter -->
<testsuite hostname="MacBook-Air-Admine.local" failures="0" tests="1" name="testCases.TC002_LoginTest" time="7.460" errors="0" timestamp="2025-08-31T12:22:47 IST" skipped="0">
  <testcase classname="testCases.TC002_LoginTest" name="verify_login" time="7.460"/>
</testsuite> <!-- testCases.TC002_LoginTest -->
