<?xml version="1.0" encoding="UTF-8"?>
<!-- Generated by org.testng.reporters.JUnitReportReporter -->
<testsuite hostname="MacBook-Air-Admine.local" failures="0" tests="1" name="testCases.TC001_AccountRegistrationTest" time="26.252" errors="0" timestamp="2025-08-31T12:22:47 IST" skipped="0">
  <testcase classname="testCases.TC001_AccountRegistrationTest" name="verify_account_registration" time="26.252"/>
</testsuite> <!-- testCases.TC001_AccountRegistrationTest -->
